0 info it worked if it ends with ok
1 verbose cli [ 'C:\\Program Files\\nodejs\\node.exe',
1 verbose cli   'C:\\Program Files\\nodejs\\node_modules\\npm\\bin\\npm-cli.js',
1 verbose cli   'start' ]
2 info using npm@3.10.10
3 info using node@v6.10.1
4 verbose run-script [ 'prestart', 'start', 'poststart' ]
5 info lifecycle scotch-player@1.0.0~prestart: scotch-player@1.0.0
6 silly lifecycle scotch-player@1.0.0~prestart: no script for prestart, continuing
7 info lifecycle scotch-player@1.0.0~start: scotch-player@1.0.0
8 verbose lifecycle scotch-player@1.0.0~start: unsafe-perm in lifecycle true
9 verbose lifecycle scotch-player@1.0.0~start: PATH: C:\Program Files\nodejs\node_modules\npm\bin\node-gyp-bin;C:\Users\mb7\Documents\UNI\BT\BT-master\node_modules\.bin;C:\ProgramData\Oracle\Java\javapath;C:\MinGW\bin;C:\Program Files (x86)\Intel\iCLS Client\;C:\Program Files\Intel\iCLS Client\;C:\Windows\system32;C:\Windows;C:\Windows\System32\Wbem;C:\Windows\System32\WindowsPowerShell\v1.0\;C:\Program Files\Intel\Intel(R) Management Engine Components\DAL;C:\Program Files\Intel\Intel(R) Management Engine Components\IPT;C:\Program Files (x86)\Intel\Intel(R) Management Engine Components\DAL;C:\Program Files (x86)\Intel\Intel(R) Management Engine Components\IPT;C:\Program Files (x86)\Intel\OpenCL SDK\2.0\bin\x86;C:\Program Files (x86)\Intel\OpenCL SDK\2.0\bin\x64;C:\Program Files\Diskeeper Corporation\ExpressCache\;C:\Program Files\Intel\WiFi\bin\;C:\Program Files\Common Files\Intel\WirelessCommon\;C:\Program Files\WIDCOMM\Bluetooth Software\;C:\Program Files\WIDCOMM\Bluetooth Software\syswow64;C:\Program Files (x86)\GtkSharp\2.12\bin;C:\Program Files (x86)\Windows Kits\8.1\Windows Performance Toolkit\;C:\Program Files\Microsoft SQL Server\110\Tools\Binn\;C:\Program Files\Microsoft\Web Platform Installer\;C:\Program Files (x86)\sbt\bin;C:\Program Files (x86)\scala\bin;C:\Program Files (x86)\GTK2-Runtime\bin;C:\Program Files (x86)\GTK2-Runtime\lib;C:\Program Files (x86)\Skype\Phone\;C:\Program Files\nodejs\;C:\Program Files\Java\jre1.8.0_31\bin;C:\Program Files\TortoiseSVN\bin;C:\Program Files\MiKTeX 2.9\miktex\bin\x64\;C:\Users\mb7\AppData\Local\Continuum\Anaconda3;C:\Users\mb7\AppData\Local\Continuum\Anaconda3\Scripts;C:\Users\mb7\AppData\Local\Continuum\Anaconda3\Library\bin;C:\MinGW\bin;C:\ccygwin;C:\GNUstep\bin;C:\Users\mb7\AppData\Local\Programs\Python\Python35-32;C:\GNUstep\GNUstep\System\Tools;C:\Users\mb7\AppData\Local\Programs\Python\Python35-32\Scripts;C:\Users\mb7\AppData\Local\atom\bin;C:\Users\mb7\AppData\Roaming\npm;C:\Program Files\Java\jre1.8.0_31\bin;C:\Program Files\Microsoft VS Code\bin
10 verbose lifecycle scotch-player@1.0.0~start: CWD: C:\Users\mb7\Documents\UNI\BT\BT-master
11 silly lifecycle scotch-player@1.0.0~start: Args: [ '/d /s /c', 'electron main.js' ]
12 silly lifecycle scotch-player@1.0.0~start: Returned: code: 3221225477  signal: null
13 info lifecycle scotch-player@1.0.0~start: Failed to exec start script
14 verbose stack Error: scotch-player@1.0.0 start: `electron main.js`
14 verbose stack Exit status 3221225477
14 verbose stack     at EventEmitter.<anonymous> (C:\Program Files\nodejs\node_modules\npm\lib\utils\lifecycle.js:255:16)
14 verbose stack     at emitTwo (events.js:106:13)
14 verbose stack     at EventEmitter.emit (events.js:191:7)
14 verbose stack     at ChildProcess.<anonymous> (C:\Program Files\nodejs\node_modules\npm\lib\utils\spawn.js:40:14)
14 verbose stack     at emitTwo (events.js:106:13)
14 verbose stack     at ChildProcess.emit (events.js:191:7)
14 verbose stack     at maybeClose (internal/child_process.js:886:16)
14 verbose stack     at Process.ChildProcess._handle.onexit (internal/child_process.js:226:5)
15 verbose pkgid scotch-player@1.0.0
16 verbose cwd C:\Users\mb7\Documents\UNI\BT\BT-master
17 error Windows_NT 6.1.7601
18 error argv "C:\\Program Files\\nodejs\\node.exe" "C:\\Program Files\\nodejs\\node_modules\\npm\\bin\\npm-cli.js" "start"
19 error node v6.10.1
20 error npm  v3.10.10
21 error code ELIFECYCLE
22 error scotch-player@1.0.0 start: `electron main.js`
22 error Exit status 3221225477
23 error Failed at the scotch-player@1.0.0 start script 'electron main.js'.
23 error Make sure you have the latest version of node.js and npm installed.
23 error If you do, this is most likely a problem with the scotch-player package,
23 error not with npm itself.
23 error Tell the author that this fails on your system:
23 error     electron main.js
23 error You can get information on how to open an issue for this project with:
23 error     npm bugs scotch-player
23 error Or if that isn't available, you can get their info via:
23 error     npm owner ls scotch-player
23 error There is likely additional logging output above.
24 verbose exit [ 1, true ]
